# JRE version: OpenJDK Runtime Environment (17.0.7) (build 17.0.7+0-b2043.56-10550314)
# Java VM: OpenJDK 64-Bit Server VM (17.0.7+0-b2043.56-10550314, mixed mode, tiered, compressed oops, compressed class ptrs, g1 gc, windows-amd64)
GC Precious Log:
 CPUs: 12 total, 12 available
 Memory: 7893M
 Large Page Support: Disabled
 NUMA Support: Disabled
 Compressed Oops: Enabled (32-bit)
 Heap Region Size: 1M
 Heap Min Capacity: 8M
 Heap Initial Capacity: 124M
 Heap Max Capacity: 2G
 Pre-touch: Disabled
 Parallel Workers: 10
 Concurrent Workers: 3
 Concurrent Refinement Workers: 10
 Periodic GC: Disabled
Heap:
 garbage-first heap   total 415744K, used 230676K [0x0000000080000000, 0x0000000100000000)
  region size 1024K, 10 young (10240K), 10 survivors (10240K)
 Metaspace       used 120155K, committed 120960K, reserved 1179648K
  class space    used 17235K, committed 17600K, reserved 1048576K
GC Heap History (20 events):
Event: 17.458 GC heap after
{Heap after GC invocations=55 (full 0):
 garbage-first heap   total 172032K, used 93526K [0x0000000080000000, 0x0000000100000000)
  region size 1024K, 8 young (8192K), 8 survivors (8192K)
 Metaspace       used 96202K, committed 96832K, reserved 1179648K
  class space    used 13307K, committed 13632K, reserved 1048576K
}
Event: 17.462 GC heap before
{Heap before GC invocations=55 (full 0):
 garbage-first heap   total 172032K, used 94550K [0x0000000080000000, 0x0000000100000000)
  region size 1024K, 9 young (9216K), 8 survivors (8192K)
 Metaspace       used 96203K, committed 96832K, reserved 1179648K
  class space    used 13307K, committed 13632K, reserved 1048576K
}
Event: 17.469 GC heap after
{Heap after GC invocations=56 (full 0):
 garbage-first heap   total 172032K, used 94321K [0x0000000080000000, 0x0000000100000000)
  region size 1024K, 2 young (2048K), 2 survivors (2048K)
 Metaspace       used 96203K, committed 96832K, reserved 1179648K
  class space    used 13307K, committed 13632K, reserved 1048576K
}
Event: 17.897 GC heap before
{Heap before GC invocations=56 (full 0):
 garbage-first heap   total 172032K, used 141425K [0x0000000080000000, 0x0000000100000000)
  region size 1024K, 49 young (50176K), 2 survivors (2048K)
 Metaspace       used 97605K, committed 98304K, reserved 1179648K
  class space    used 13555K, committed 13888K, reserved 1048576K
}
Event: 17.903 GC heap after
{Heap after GC invocations=57 (full 0):
 garbage-first heap   total 172032K, used 99656K [0x0000000080000000, 0x0000000100000000)
  region size 1024K, 7 young (7168K), 7 survivors (7168K)
 Metaspace       used 97605K, committed 98304K, reserved 1179648K
  class space    used 13555K, committed 13888K, reserved 1048576K
}
Event: 18.386 GC heap before
{Heap before GC invocations=58 (full 0):
 garbage-first heap   total 173056K, used 140616K [0x0000000080000000, 0x0000000100000000)
  region size 1024K, 48 young (49152K), 7 survivors (7168K)
 Metaspace       used 98574K, committed 99264K, reserved 1179648K
  class space    used 13746K, committed 14080K, reserved 1048576K
}
Event: 18.393 GC heap after
{Heap after GC invocations=59 (full 0):
 garbage-first heap   total 173056K, used 103431K [0x0000000080000000, 0x0000000100000000)
  region size 1024K, 4 young (4096K), 4 survivors (4096K)
 Metaspace       used 98574K, committed 99264K, reserved 1179648K
  class space    used 13746K, committed 14080K, reserved 1048576K
}
Event: 18.424 GC heap before
{Heap before GC invocations=59 (full 0):
 garbage-first heap   total 173056K, used 106503K [0x0000000080000000, 0x0000000100000000)
  region size 1024K, 8 young (8192K), 4 survivors (4096K)
 Metaspace       used 98627K, committed 99328K, reserved 1179648K
  class space    used 13748K, committed 14080K, reserved 1048576K
}
Event: 18.429 GC heap after
{Heap after GC invocations=60 (full 0):
 garbage-first heap   total 415744K, used 103784K [0x0000000080000000, 0x0000000100000000)
  region size 1024K, 1 young (1024K), 1 survivors (1024K)
 Metaspace       used 98627K, committed 99328K, reserved 1179648K
  class space    used 13748K, committed 14080K, reserved 1048576K
}
Event: 19.873 GC heap before
{Heap before GC invocations=60 (full 0):
 garbage-first heap   total 415744K, used 321896K [0x0000000080000000, 0x0000000100000000)
  region size 1024K, 190 young (194560K), 1 survivors (1024K)
 Metaspace       used 103233K, committed 103936K, reserved 1179648K
  class space    used 14274K, committed 14656K, reserved 1048576K
}
Event: 19.899 GC heap after
{Heap after GC invocations=61 (full 0):
 garbage-first heap   total 415744K, used 134144K [0x0000000080000000, 0x0000000100000000)
  region size 1024K, 24 young (24576K), 24 survivors (24576K)
 Metaspace       used 103233K, committed 103936K, reserved 1179648K
  class space    used 14274K, committed 14656K, reserved 1048576K
}
Event: 20.969 GC heap before
{Heap before GC invocations=61 (full 0):
 garbage-first heap   total 415744K, used 292864K [0x0000000080000000, 0x0000000100000000)
  region size 1024K, 180 young (184320K), 24 survivors (24576K)
 Metaspace       used 109919K, committed 110720K, reserved 1179648K
  class space    used 15404K, committed 15808K, reserved 1048576K
}
Event: 21.001 GC heap after
{Heap after GC invocations=62 (full 0):
 garbage-first heap   total 415744K, used 158532K [0x0000000080000000, 0x0000000100000000)
  region size 1024K, 23 young (23552K), 23 survivors (23552K)
 Metaspace       used 109919K, committed 110720K, reserved 1179648K
  class space    used 15404K, committed 15808K, reserved 1048576K
}
Event: 21.888 GC heap before
{Heap before GC invocations=62 (full 0):
 garbage-first heap   total 415744K, used 303940K [0x0000000080000000, 0x0000000100000000)
  region size 1024K, 166 young (169984K), 23 survivors (23552K)
 Metaspace       used 114979K, committed 115776K, reserved 1179648K
  class space    used 16291K, committed 16704K, reserved 1048576K
}
Event: 21.918 GC heap after
{Heap after GC invocations=63 (full 0):
 garbage-first heap   total 415744K, used 181978K [0x0000000080000000, 0x0000000100000000)
  region size 1024K, 21 young (21504K), 21 survivors (21504K)
 Metaspace       used 114979K, committed 115776K, reserved 1179648K
  class space    used 16291K, committed 16704K, reserved 1048576K
}
Event: 22.334 GC heap before
{Heap before GC invocations=63 (full 0):
 garbage-first heap   total 415744K, used 330458K [0x0000000080000000, 0x0000000100000000)
  region size 1024K, 149 young (152576K), 21 survivors (21504K)
 Metaspace       used 118711K, committed 119488K, reserved 1179648K
  class space    used 17049K, committed 17408K, reserved 1048576K
}
Event: 22.370 GC heap after
{Heap after GC invocations=64 (full 0):
 garbage-first heap   total 415744K, used 208723K [0x0000000080000000, 0x0000000100000000)
  region size 1024K, 18 young (18432K), 18 survivors (18432K)
 Metaspace       used 118711K, committed 119488K, reserved 1179648K
  class space    used 17049K, committed 17408K, reserved 1048576K
}
Event: 22.658 GC heap before
{Heap before GC invocations=64 (full 0):
 garbage-first heap   total 415744K, used 325459K [0x0000000080000000, 0x0000000100000000)
  region size 1024K, 133 young (136192K), 18 survivors (18432K)
 Metaspace       used 119405K, committed 120256K, reserved 1179648K
  class space    used 17142K, committed 17536K, reserved 1048576K
}
Event: 22.679 GC heap after
{Heap after GC invocations=65 (full 0):
 garbage-first heap   total 415744K, used 221361K [0x0000000080000000, 0x0000000100000000)
  region size 1024K, 14 young (14336K), 14 survivors (14336K)
 Metaspace       used 119405K, committed 120256K, reserved 1179648K
  class space    used 17142K, committed 17536K, reserved 1048576K
}
Event: 22.890 GC heap before
{Heap before GC invocations=65 (full 0):
 garbage-first heap   total 415744K, used 330929K [0x0000000080000000, 0x0000000100000000)
  region size 1024K, 122 young (124928K), 14 survivors (14336K)
 Metaspace       used 120155K, committed 120960K, reserved 1179648K
  class space    used 17235K, committed 17600K, reserved 1048576K
}

