# JRE version: OpenJDK Runtime Environment (17.0.7) (build 17.0.7+0-b2043.56-10550314)
# Java VM: OpenJDK 64-Bit Server VM (17.0.7+0-b2043.56-10550314, mixed mode, tiered, compressed oops, compressed class ptrs, g1 gc, windows-amd64)
GC Precious Log:
 CPUs: 12 total, 12 available
 Memory: 7893M
 Large Page Support: Disabled
 NUMA Support: Disabled
 Compressed Oops: Enabled (32-bit)
 Heap Region Size: 1M
 Heap Min Capacity: 8M
 Heap Initial Capacity: 124M
 Heap Max Capacity: 2G
 Pre-touch: Disabled
 Parallel Workers: 10
 Concurrent Workers: 3
 Concurrent Refinement Workers: 10
 Periodic GC: Disabled
Heap:
 garbage-first heap   total 438272K, used 259377K [0x0000000080000000, 0x0000000100000000)
  region size 1024K, 11 young (11264K), 11 survivors (11264K)
 Metaspace       used 139377K, committed 141056K, reserved 1179648K
  class space    used 19516K, committed 20288K, reserved 1048576K
GC Heap History (20 events):
Event: 1303.183 GC heap after
{Heap after GC invocations=66 (full 0):
 garbage-first heap   total 438272K, used 133261K [0x0000000080000000, 0x0000000100000000)
  region size 1024K, 5 young (5120K), 5 survivors (5120K)
 Metaspace       used 132489K, committed 133632K, reserved 1179648K
  class space    used 18496K, committed 19072K, reserved 1048576K
}
Event: 1582.829 GC heap before
{Heap before GC invocations=66 (full 0):
 garbage-first heap   total 438272K, used 384141K [0x0000000080000000, 0x0000000100000000)
  region size 1024K, 233 young (238592K), 5 survivors (5120K)
 Metaspace       used 137067K, committed 138624K, reserved 1179648K
  class space    used 19157K, committed 19904K, reserved 1048576K
}
Event: 1582.910 GC heap after
{Heap after GC invocations=67 (full 0):
 garbage-first heap   total 438272K, used 143278K [0x0000000080000000, 0x0000000100000000)
  region size 1024K, 12 young (12288K), 12 survivors (12288K)
 Metaspace       used 137067K, committed 138624K, reserved 1179648K
  class space    used 19157K, committed 19904K, reserved 1048576K
}
Event: 1584.749 GC heap before
{Heap before GC invocations=67 (full 0):
 garbage-first heap   total 438272K, used 363438K [0x0000000080000000, 0x0000000100000000)
  region size 1024K, 227 young (232448K), 12 survivors (12288K)
 Metaspace       used 137311K, committed 139008K, reserved 1179648K
  class space    used 19223K, committed 20032K, reserved 1048576K
}
Event: 1584.762 GC heap after
{Heap after GC invocations=68 (full 0):
 garbage-first heap   total 438272K, used 142062K [0x0000000080000000, 0x0000000100000000)
  region size 1024K, 13 young (13312K), 13 survivors (13312K)
 Metaspace       used 137311K, committed 139008K, reserved 1179648K
  class space    used 19223K, committed 20032K, reserved 1048576K
}
Event: 1585.992 GC heap before
{Heap before GC invocations=68 (full 0):
 garbage-first heap   total 438272K, used 369390K [0x0000000080000000, 0x0000000100000000)
  region size 1024K, 235 young (240640K), 13 survivors (13312K)
 Metaspace       used 137316K, committed 139008K, reserved 1179648K
  class space    used 19223K, committed 20032K, reserved 1048576K
}
Event: 1586.008 GC heap after
{Heap after GC invocations=69 (full 0):
 garbage-first heap   total 438272K, used 143031K [0x0000000080000000, 0x0000000100000000)
  region size 1024K, 14 young (14336K), 14 survivors (14336K)
 Metaspace       used 137316K, committed 139008K, reserved 1179648K
  class space    used 19223K, committed 20032K, reserved 1048576K
}
Event: 1586.959 GC heap before
{Heap before GC invocations=69 (full 0):
 garbage-first heap   total 438272K, used 376503K [0x0000000080000000, 0x0000000100000000)
  region size 1024K, 239 young (244736K), 14 survivors (14336K)
 Metaspace       used 137369K, committed 139072K, reserved 1179648K
  class space    used 19233K, committed 20032K, reserved 1048576K
}
Event: 1586.980 GC heap after
{Heap after GC invocations=70 (full 0):
 garbage-first heap   total 438272K, used 146143K [0x0000000080000000, 0x0000000100000000)
  region size 1024K, 15 young (15360K), 15 survivors (15360K)
 Metaspace       used 137369K, committed 139072K, reserved 1179648K
  class space    used 19233K, committed 20032K, reserved 1048576K
}
Event: 1589.237 GC heap before
{Heap before GC invocations=70 (full 0):
 garbage-first heap   total 438272K, used 379615K [0x0000000080000000, 0x0000000100000000)
  region size 1024K, 240 young (245760K), 15 survivors (15360K)
 Metaspace       used 137399K, committed 139072K, reserved 1179648K
  class space    used 19240K, committed 20032K, reserved 1048576K
}
Event: 1589.256 GC heap after
{Heap after GC invocations=71 (full 0):
 garbage-first heap   total 438272K, used 146970K [0x0000000080000000, 0x0000000100000000)
  region size 1024K, 16 young (16384K), 16 survivors (16384K)
 Metaspace       used 137399K, committed 139072K, reserved 1179648K
  class space    used 19240K, committed 20032K, reserved 1048576K
}
Event: 1589.812 GC heap before
{Heap before GC invocations=71 (full 0):
 garbage-first heap   total 438272K, used 376346K [0x0000000080000000, 0x0000000100000000)
  region size 1024K, 241 young (246784K), 16 survivors (16384K)
 Metaspace       used 137990K, committed 139648K, reserved 1179648K
  class space    used 19322K, committed 20096K, reserved 1048576K
}
Event: 1590.095 GC heap after
{Heap after GC invocations=72 (full 0):
 garbage-first heap   total 438272K, used 189607K [0x0000000080000000, 0x0000000100000000)
  region size 1024K, 31 young (31744K), 31 survivors (31744K)
 Metaspace       used 137990K, committed 139648K, reserved 1179648K
  class space    used 19322K, committed 20096K, reserved 1048576K
}
Event: 1590.624 GC heap before
{Heap before GC invocations=72 (full 0):
 garbage-first heap   total 438272K, used 368807K [0x0000000080000000, 0x0000000100000000)
  region size 1024K, 189 young (193536K), 31 survivors (31744K)
 Metaspace       used 138795K, committed 140416K, reserved 1179648K
  class space    used 19413K, committed 20160K, reserved 1048576K
}
Event: 1590.729 GC heap after
{Heap after GC invocations=73 (full 0):
 garbage-first heap   total 438272K, used 222640K [0x0000000080000000, 0x0000000100000000)
  region size 1024K, 24 young (24576K), 24 survivors (24576K)
 Metaspace       used 138795K, committed 140416K, reserved 1179648K
  class space    used 19413K, committed 20160K, reserved 1048576K
}
Event: 1591.033 GC heap before
{Heap before GC invocations=73 (full 0):
 garbage-first heap   total 438272K, used 352688K [0x0000000080000000, 0x0000000100000000)
  region size 1024K, 152 young (155648K), 24 survivors (24576K)
 Metaspace       used 138951K, committed 140608K, reserved 1179648K
  class space    used 19445K, committed 20224K, reserved 1048576K
}
Event: 1591.063 GC heap after
{Heap after GC invocations=74 (full 0):
 garbage-first heap   total 438272K, used 238121K [0x0000000080000000, 0x0000000100000000)
  region size 1024K, 15 young (15360K), 15 survivors (15360K)
 Metaspace       used 138951K, committed 140608K, reserved 1179648K
  class space    used 19445K, committed 20224K, reserved 1048576K
}
Event: 1591.271 GC heap before
{Heap before GC invocations=74 (full 0):
 garbage-first heap   total 438272K, used 356905K [0x0000000080000000, 0x0000000100000000)
  region size 1024K, 132 young (135168K), 15 survivors (15360K)
 Metaspace       used 139219K, committed 140864K, reserved 1179648K
  class space    used 19498K, committed 20288K, reserved 1048576K
}
Event: 1591.328 GC heap after
{Heap after GC invocations=75 (full 0):
 garbage-first heap   total 438272K, used 248682K [0x0000000080000000, 0x0000000100000000)
  region size 1024K, 11 young (11264K), 11 survivors (11264K)
 Metaspace       used 139219K, committed 140864K, reserved 1179648K
  class space    used 19498K, committed 20288K, reserved 1048576K
}
Event: 1591.488 GC heap before
{Heap before GC invocations=75 (full 0):
 garbage-first heap   total 438272K, used 362346K [0x0000000080000000, 0x0000000100000000)
  region size 1024K, 122 young (124928K), 11 survivors (11264K)
 Metaspace       used 139377K, committed 141056K, reserved 1179648K
  class space    used 19516K, committed 20288K, reserved 1048576K
}

